<?xml version="1.0" ?>
<testsuites disabled="0" errors="0" failures="0" tests="2" time="0">
	<testsuite disabled="0" errors="0" failures="0" name="secret_masking" skipped="0" tests="2" time="0">
		<testcase classname="secret_masking.yml:9" name="[localhost] localhost: set_fact simple_secret={{ simple_secret | register_secret }}, xml_secret={{ xml_secret | register_secret }}" time="0">
			<system-out>{
"ansible_facts": {
"simple_secret": "$REDACTED$",
"xml_secret": "$REDACTED$"
},
"changed": false
}</system-out>
		</testcase>
		<testcase classname="secret_masking.yml:13" name="[localhost] localhost: debug msg={'simple_secret': 'MARKER_SIMPLE {{ simple_secret }}', 'xml_secret': 'MARKER_XML {{ xml_secret }}'}" time="0">
			<system-out>{
    "changed": false,
    "msg": {
        "simple_secret": "MARKER_SIMPLE $REDACTED$",
        "xml_secret": "MARKER_XML $REDACTED$"
    }
}</system-out>
		</testcase>
	</testsuite>
</testsuites>
